<test-run id="2" testcasecount="0" result="Passed" start-time="2024-04-02 11:49:49.424822" end-time="2024-04-02 11:49:54.376310" duration="4" total="0" passed="0" failed="0" inconclusive="0" skipped="0" asserts="0" clr-version="3.12.2 (tags/v3.12.2:6abddd9, Feb  6 2024, 21:26:36) [MSC v.1937 64 bit (AMD64)]" engine-version="3.6.2"><command-line>C:\Users\barisu\AppData\Local\Programs\Python\Python312\Scripts\py.test .\VideoExtractor.py</command-line><filter><test re="0">.\VideoExtractor.py</test></filter></test-run>